<?xml version="1.0" encoding="UTF-8"?>
<testng-results skipped="0" failed="0" ignored="0" total="2" passed="2">
  <reporter-output>
  </reporter-output>
  <suite name="Default suite" duration-ms="87806" started-at="2019-10-05T06:24:31Z" finished-at="2019-10-05T06:25:58Z">
    <groups>
    </groups>
    <test name="Default test" duration-ms="87806" started-at="2019-10-05T06:24:31Z" finished-at="2019-10-05T06:25:58Z">
      <class name="com.PracticeDemo.CaseStudy9.ImageUpload">
        <test-method status="PASS" signature="test_setup()[pri:1, instance:com.PracticeDemo.CaseStudy9.ImageUpload@2f686d1f]" name="test_setup" duration-ms="20131" started-at="2019-10-05T11:54:31Z" finished-at="2019-10-05T11:54:51Z">
          <reporter-output>
          </reporter-output>
        </test-method> <!-- test_setup -->
        <test-method status="PASS" signature="test()[pri:2, instance:com.PracticeDemo.CaseStudy9.ImageUpload@2f686d1f]" name="test" duration-ms="62519" started-at="2019-10-05T11:54:51Z" finished-at="2019-10-05T11:55:53Z">
          <reporter-output>
          </reporter-output>
        </test-method> <!-- test -->
        <test-method status="PASS" signature="Aftertest()[pri:0, instance:com.PracticeDemo.CaseStudy9.ImageUpload@2f686d1f]" name="Aftertest" is-config="true" duration-ms="5123" started-at="2019-10-05T11:55:53Z" finished-at="2019-10-05T11:55:58Z">
          <reporter-output>
          </reporter-output>
        </test-method> <!-- Aftertest -->
      </class> <!-- com.PracticeDemo.CaseStudy9.ImageUpload -->
    </test> <!-- Default test -->
  </suite> <!-- Default suite -->
</testng-results>
